This file contains any messages produced by compilers while
running configure, to aid debugging if configure makes a mistake.

It was created by megatools configure 1.10.2, which was
generated by GNU Autoconf 2.69.  Invocation command line was

  $ /home/tempserver/megatools-1.10.2/configure 

## --------- ##
## Platform. ##
## --------- ##

hostname = 18051.l.time4vps.cloud
uname -m = x86_64
uname -r = 4.15.0-29-generic
uname -s = Linux
uname -v = #31-Ubuntu SMP Tue Jul 17 15:39:52 UTC 2018

/usr/bin/uname -p = unknown
/bin/uname -X     = unknown

/bin/arch              = unknown
/usr/bin/arch -k       = unknown
/usr/convex/getsysinfo = unknown
/usr/bin/hostinfo      = unknown
/bin/machine           = unknown
/usr/bin/oslevel       = unknown
/bin/universe          = unknown

PATH: /usr/local/sbin
PATH: /usr/local/bin
PATH: /usr/sbin
PATH: /usr/bin
PATH: /sbin
PATH: /bin
PATH: /usr/games
PATH: /usr/local/games


## ----------- ##
## Core tests. ##
## ----------- ##

configure:1970: checking for a BSD-compatible install
configure:2038: result: /usr/bin/install -c
configure:2049: checking whether build environment is sane
configure:2104: result: yes
configure:2255: checking for a thread-safe mkdir -p
configure:2294: result: /bin/mkdir -p
configure:2301: checking for gawk
configure:2317: found /usr/bin/gawk
configure:2328: result: gawk
configure:2339: checking whether make sets $(MAKE)
configure:2361: result: yes
configure:2390: checking whether make supports nested variables
configure:2407: result: yes
configure:2534: checking whether to enable maintainer-specific portions of Makefiles
configure:2543: result: no
configure:2567: checking whether make supports nested variables
configure:2584: result: yes
configure:2644: checking for gcc
configure:2660: found /usr/bin/gcc
configure:2671: result: gcc
configure:2900: checking for C compiler version
configure:2909: gcc --version >&5
gcc (Ubuntu 7.4.0-1ubuntu1~18.04) 7.4.0
Copyright (C) 2017 Free Software Foundation, Inc.
This is free software; see the source for copying conditions.  There is NO
warranty; not even for MERCHANTABILITY or FITNESS FOR A PARTICULAR PURPOSE.

configure:2920: $? = 0
configure:2909: gcc -v >&5
Using built-in specs.
COLLECT_GCC=gcc
COLLECT_LTO_WRAPPER=/usr/lib/gcc/x86_64-linux-gnu/7/lto-wrapper
OFFLOAD_TARGET_NAMES=nvptx-none
OFFLOAD_TARGET_DEFAULT=1
Target: x86_64-linux-gnu
Configured with: ../src/configure -v --with-pkgversion='Ubuntu 7.4.0-1ubuntu1~18.04' --with-bugurl=file:///usr/share/doc/gcc-7/README.Bugs --enable-languages=c,ada,c++,go,brig,d,fortran,objc,obj-c++ --prefix=/usr --with-gcc-major-version-only --program-suffix=-7 --program-prefix=x86_64-linux-gnu- --enable-shared --enable-linker-build-id --libexecdir=/usr/lib --without-included-gettext --enable-threads=posix --libdir=/usr/lib --enable-nls --with-sysroot=/ --enable-clocale=gnu --enable-libstdcxx-debug --enable-libstdcxx-time=yes --with-default-libstdcxx-abi=new --enable-gnu-unique-object --disable-vtable-verify --enable-libmpx --enable-plugin --enable-default-pie --with-system-zlib --with-target-system-zlib --enable-objc-gc=auto --enable-multiarch --disable-werror --with-arch-32=i686 --with-abi=m64 --with-multilib-list=m32,m64,mx32 --enable-multilib --with-tune=generic --enable-offload-targets=nvptx-none --without-cuda-driver --enable-checking=release --build=x86_64-linux-gnu --host=x86_64-linux-gnu --target=x86_64-linux-gnu
Thread model: posix
gcc version 7.4.0 (Ubuntu 7.4.0-1ubuntu1~18.04) 
configure:2920: $? = 0
configure:2909: gcc -V >&5
gcc: error: unrecognized command line option '-V'
gcc: fatal error: no input files
compilation terminated.
configure:2920: $? = 1
configure:2909: gcc -qversion >&5
gcc: error: unrecognized command line option '-qversion'; did you mean '--version'?
gcc: fatal error: no input files
compilation terminated.
configure:2920: $? = 1
configure:2940: checking whether the C compiler works
configure:2962: gcc    conftest.c  >&5
configure:2966: $? = 0
configure:3014: result: yes
configure:3017: checking for C compiler default output file name
configure:3019: result: a.out
configure:3025: checking for suffix of executables
configure:3032: gcc -o conftest    conftest.c  >&5
configure:3036: $? = 0
configure:3058: result: 
configure:3080: checking whether we are cross compiling
configure:3088: gcc -o conftest    conftest.c  >&5
configure:3092: $? = 0
configure:3099: ./conftest
configure:3103: $? = 0
configure:3118: result: no
configure:3123: checking for suffix of object files
configure:3145: gcc -c   conftest.c >&5
configure:3149: $? = 0
configure:3170: result: o
configure:3174: checking whether we are using the GNU C compiler
configure:3193: gcc -c   conftest.c >&5
configure:3193: $? = 0
configure:3202: result: yes
configure:3211: checking whether gcc accepts -g
configure:3231: gcc -c -g  conftest.c >&5
configure:3231: $? = 0
configure:3272: result: yes
configure:3289: checking for gcc option to accept ISO C89
configure:3352: gcc  -c -g -O2  conftest.c >&5
configure:3352: $? = 0
configure:3365: result: none needed
configure:3390: checking whether gcc understands -c and -o together
configure:3412: gcc -c conftest.c -o conftest2.o
configure:3415: $? = 0
configure:3412: gcc -c conftest.c -o conftest2.o
configure:3415: $? = 0
configure:3427: result: yes
configure:3455: checking for style of include used by make
configure:3483: result: GNU
configure:3509: checking dependency style of gcc
configure:3620: result: gcc3
configure:3678: checking for ranlib
configure:3694: found /usr/bin/ranlib
configure:3705: result: ranlib
configure:3736: checking how to run the C preprocessor
configure:3767: gcc -E  conftest.c
configure:3767: $? = 0
configure:3781: gcc -E  conftest.c
conftest.c:11:10: fatal error: ac_nonexistent.h: No such file or directory
 #include <ac_nonexistent.h>
          ^~~~~~~~~~~~~~~~~~
compilation terminated.
configure:3781: $? = 1
configure: failed program was:
| /* confdefs.h */
| #define PACKAGE_NAME "megatools"
| #define PACKAGE_TARNAME "megatools"
| #define PACKAGE_VERSION "1.10.2"
| #define PACKAGE_STRING "megatools 1.10.2"
| #define PACKAGE_BUGREPORT "megous@megous.com"
| #define PACKAGE_URL ""
| #define PACKAGE "megatools"
| #define VERSION "1.10.2"
| /* end confdefs.h.  */
| #include <ac_nonexistent.h>
configure:3806: result: gcc -E
configure:3826: gcc -E  conftest.c
configure:3826: $? = 0
configure:3840: gcc -E  conftest.c
conftest.c:11:10: fatal error: ac_nonexistent.h: No such file or directory
 #include <ac_nonexistent.h>
          ^~~~~~~~~~~~~~~~~~
compilation terminated.
configure:3840: $? = 1
configure: failed program was:
| /* confdefs.h */
| #define PACKAGE_NAME "megatools"
| #define PACKAGE_TARNAME "megatools"
| #define PACKAGE_VERSION "1.10.2"
| #define PACKAGE_STRING "megatools 1.10.2"
| #define PACKAGE_BUGREPORT "megous@megous.com"
| #define PACKAGE_URL ""
| #define PACKAGE "megatools"
| #define VERSION "1.10.2"
| /* end confdefs.h.  */
| #include <ac_nonexistent.h>
configure:3869: checking for grep that handles long lines and -e
configure:3927: result: /bin/grep
configure:3932: checking for egrep
configure:3994: result: /bin/grep -E
configure:3999: checking for ANSI C header files
configure:4019: gcc -c -g -O2  conftest.c >&5
configure:4019: $? = 0
configure:4092: gcc -o conftest -g -O2   conftest.c  >&5
configure:4092: $? = 0
configure:4092: ./conftest
configure:4092: $? = 0
configure:4103: result: yes
configure:4177: checking for pkg-config
configure:4210: result: no
configure:4245: checking for GLIB
configure:4313: result: no
configure:4315: error: in `/home/tempserver':
configure:4317: error: The pkg-config script could not be found or is too old.  Make sure it
is in your PATH or set the PKG_CONFIG environment variable to the full
path to pkg-config.

Alternatively, you may set the environment variables GLIB_CFLAGS
and GLIB_LIBS to avoid the need to call pkg-config.
See the pkg-config man page for more details.

To get pkg-config, see <http://pkg-config.freedesktop.org/>.
See `config.log' for more details

## ---------------- ##
## Cache variables. ##
## ---------------- ##

ac_cv_c_compiler_gnu=yes
ac_cv_env_CC_set=
ac_cv_env_CC_value=
ac_cv_env_CFLAGS_set=
ac_cv_env_CFLAGS_value=
ac_cv_env_CPPFLAGS_set=
ac_cv_env_CPPFLAGS_value=
ac_cv_env_CPP_set=
ac_cv_env_CPP_value=
ac_cv_env_GLIB_CFLAGS_set=
ac_cv_env_GLIB_CFLAGS_value=
ac_cv_env_GLIB_LIBS_set=
ac_cv_env_GLIB_LIBS_value=
ac_cv_env_LDFLAGS_set=
ac_cv_env_LDFLAGS_value=
ac_cv_env_LIBCURL_CFLAGS_set=
ac_cv_env_LIBCURL_CFLAGS_value=
ac_cv_env_LIBCURL_LIBS_set=
ac_cv_env_LIBCURL_LIBS_value=
ac_cv_env_LIBS_set=
ac_cv_env_LIBS_value=
ac_cv_env_OPENSSL_CFLAGS_set=
ac_cv_env_OPENSSL_CFLAGS_value=
ac_cv_env_OPENSSL_LIBS_set=
ac_cv_env_OPENSSL_LIBS_value=
ac_cv_env_PKG_CONFIG_LIBDIR_set=
ac_cv_env_PKG_CONFIG_LIBDIR_value=
ac_cv_env_PKG_CONFIG_PATH_set=
ac_cv_env_PKG_CONFIG_PATH_value=
ac_cv_env_PKG_CONFIG_set=
ac_cv_env_PKG_CONFIG_value=
ac_cv_env_build_alias_set=
ac_cv_env_build_alias_value=
ac_cv_env_host_alias_set=
ac_cv_env_host_alias_value=
ac_cv_env_target_alias_set=
ac_cv_env_target_alias_value=
ac_cv_header_stdc=yes
ac_cv_objext=o
ac_cv_path_EGREP='/bin/grep -E'
ac_cv_path_GREP=/bin/grep
ac_cv_path_install='/usr/bin/install -c'
ac_cv_path_mkdir=/bin/mkdir
ac_cv_prog_AWK=gawk
ac_cv_prog_CPP='gcc -E'
ac_cv_prog_ac_ct_CC=gcc
ac_cv_prog_ac_ct_RANLIB=ranlib
ac_cv_prog_cc_c89=
ac_cv_prog_cc_g=yes
ac_cv_prog_make_make_set=yes
am_cv_CC_dependencies_compiler_type=gcc3
am_cv_make_support_nested_variables=yes
am_cv_prog_cc_c_o=yes

## ----------------- ##
## Output variables. ##
## ----------------- ##

A2X=''
ACLOCAL='${SHELL} /home/tempserver/megatools-1.10.2/missing aclocal-1.15'
AMDEPBACKSLASH='\'
AMDEP_FALSE='#'
AMDEP_TRUE=''
AMTAR='$${TAR-tar}'
AM_BACKSLASH='\'
AM_DEFAULT_V='$(AM_DEFAULT_VERBOSITY)'
AM_DEFAULT_VERBOSITY='0'
AM_V='$(V)'
AUTOCONF='${SHELL} /home/tempserver/megatools-1.10.2/missing autoconf'
AUTOHEADER='${SHELL} /home/tempserver/megatools-1.10.2/missing autoheader'
AUTOMAKE='${SHELL} /home/tempserver/megatools-1.10.2/missing automake-1.15'
AWK='gawk'
CC='gcc'
CCDEPMODE='depmode=gcc3'
CFLAGS='-g -O2'
CPP='gcc -E'
CPPFLAGS=''
CYGPATH_W='echo'
DEFS=''
DEPDIR='.deps'
ECHO_C=''
ECHO_N='-n'
ECHO_T=''
EGREP='/bin/grep -E'
ENABLE_DOCS_FALSE=''
ENABLE_DOCS_TRUE=''
EXEEXT=''
GLIB_CFLAGS=''
GLIB_LIBS=''
GREP='/bin/grep'
INSTALL_DATA='${INSTALL} -m 644'
INSTALL_PROGRAM='${INSTALL}'
INSTALL_SCRIPT='${INSTALL}'
INSTALL_STRIP_PROGRAM='$(install_sh) -c -s'
LDFLAGS=''
LIBCURL_CFLAGS=''
LIBCURL_LIBS=''
LIBOBJS=''
LIBS=''
LTLIBOBJS=''
MAINT='#'
MAINTAINER_MODE_FALSE=''
MAINTAINER_MODE_TRUE='#'
MAKEINFO='${SHELL} /home/tempserver/megatools-1.10.2/missing makeinfo'
MEGA_REQUIRES='gio-2.0 >= 2.32.0 libcurl openssl'
MKDIR_P='/bin/mkdir -p'
OBJEXT='o'
OPENSSL_CFLAGS=''
OPENSSL_LIBS=''
PACKAGE='megatools'
PACKAGE_BUGREPORT='megous@megous.com'
PACKAGE_NAME='megatools'
PACKAGE_STRING='megatools 1.10.2'
PACKAGE_TARNAME='megatools'
PACKAGE_URL=''
PACKAGE_VERSION='1.10.2'
PATH_SEPARATOR=':'
PKG_CONFIG=''
PKG_CONFIG_LIBDIR=''
PKG_CONFIG_PATH=''
RANLIB='ranlib'
SET_MAKE=''
SHELL='/bin/sh'
STRIP=''
VERSION='1.10.2'
ac_ct_CC='gcc'
am__EXEEXT_FALSE=''
am__EXEEXT_TRUE=''
am__fastdepCC_FALSE='#'
am__fastdepCC_TRUE=''
am__include='include'
am__isrc=' -I$(srcdir)'
am__leading_dot='.'
am__nodep='_no'
am__quote=''
am__tar='$${TAR-tar} chof - "$$tardir"'
am__untar='$${TAR-tar} xf -'
bindir='${exec_prefix}/bin'
build_alias=''
datadir='${datarootdir}'
datarootdir='${prefix}/share'
docdir='${datarootdir}/doc/${PACKAGE_TARNAME}'
dvidir='${docdir}'
exec_prefix='NONE'
host_alias=''
htmldir='${docdir}'
includedir='${prefix}/include'
infodir='${datarootdir}/info'
install_sh='${SHELL} /home/tempserver/megatools-1.10.2/install-sh'
libdir='${exec_prefix}/lib'
libexecdir='${exec_prefix}/libexec'
localedir='${datarootdir}/locale'
localstatedir='${prefix}/var'
mandir='${datarootdir}/man'
mkdir_p='$(MKDIR_P)'
oldincludedir='/usr/include'
pdfdir='${docdir}'
prefix='NONE'
program_transform_name='s,x,x,'
psdir='${docdir}'
sbindir='${exec_prefix}/sbin'
sharedstatedir='${prefix}/com'
sysconfdir='${prefix}/etc'
target_alias=''

## ----------- ##
## confdefs.h. ##
## ----------- ##

/* confdefs.h */
#define PACKAGE_NAME "megatools"
#define PACKAGE_TARNAME "megatools"
#define PACKAGE_VERSION "1.10.2"
#define PACKAGE_STRING "megatools 1.10.2"
#define PACKAGE_BUGREPORT "megous@megous.com"
#define PACKAGE_URL ""
#define PACKAGE "megatools"
#define VERSION "1.10.2"
#define STDC_HEADERS 1

configure: exit 1
